<?xml version="1.0" encoding="UTF-8"?>
<testng-results skipped="0" failed="0" ignored="0" total="1" passed="1">
  <reporter-output>
  </reporter-output>
  <suite name="Default suite" duration-ms="6228" started-at="2019-09-16T05:33:28Z" finished-at="2019-09-16T05:33:34Z">
    <groups>
    </groups>
    <test name="Default test" duration-ms="6228" started-at="2019-09-16T05:33:28Z" finished-at="2019-09-16T05:33:34Z">
      <class name="Extra.NewJsonValidator">
        <test-method status="PASS" signature="testJsonParsing()[pri:0, instance:Extra.NewJsonValidator@8bd1b6a]" name="testJsonParsing" duration-ms="6181" started-at="2019-09-16T11:03:28Z" finished-at="2019-09-16T11:03:34Z">
          <reporter-output>
          </reporter-output>
        </test-method> <!-- testJsonParsing -->
      </class> <!-- Extra.NewJsonValidator -->
    </test> <!-- Default test -->
  </suite> <!-- Default suite -->
</testng-results>
